<?xml version="1.0" encoding="UTF-8"?>
<testsuite name="org.zerock.dao.ConnectTests" tests="1" skipped="0" failures="0" errors="0" timestamp="2022-11-22T08:19:51" hostname="MAEMAE2" time="0.056">
  <properties/>
  <testcase name="testConnection()" classname="org.zerock.dao.ConnectTests" time="0.056"/>
  <system-out><![CDATA[]]></system-out>
  <system-err><![CDATA[]]></system-err>
</testsuite>
